{"meta": {"format": 3, "version": "7.6.8", "timestamp": "2025-12-30T08:13:13.343841", "branch_coverage": false, "show_contexts": false}, "files": {"custom_components/azimut_energy/__init__.py": {"executed_lines": [1, 2, 4, 5, 6, 7, 9, 10, 11, 12, 14, 20, 22, 24, 27, 29, 30, 32, 39, 40, 44, 45, 48, 51, 54, 56, 59, 61, 62, 63, 64, 66, 69, 74, 75, 77, 84, 85, 86, 88, 95, 96, 97, 98, 101, 102, 103, 105, 109, 111, 115, 117, 123, 124, 126, 127, 129, 130, 132, 133, 135, 136, 141, 143, 145, 147, 148, 149, 150, 151, 152, 153, 155, 157, 159, 160, 164, 165, 167], "summary": {"covered_lines": 77, "num_statements": 81, "percent_covered": 95.06172839506173, "percent_covered_display": "95", "missing_lines": 4, "excluded_lines": 0}, "missing_lines": [71, 121, 138, 139], "excluded_lines": [], "functions": {"async_setup_entry": {"executed_lines": [29, 30, 32, 39, 40, 44, 45, 48, 51, 54, 56], "summary": {"covered_lines": 11, "num_statements": 11, "percent_covered": 100.0, "percent_covered_display": "100", "missing_lines": 0, "excluded_lines": 0}, "missing_lines": [], "excluded_lines": []}, "async_unload_entry": {"executed_lines": [61, 62, 63, 64, 66], "summary": {"covered_lines": 5, "num_statements": 5, "percent_covered": 100.0, "percent_covered_display": "100", "missing_lines": 0, "excluded_lines": 0}, "missing_lines": [], "excluded_lines": []}, "update_listener": {"executed_lines": [], "summary": {"covered_lines": 0, "num_statements": 1, "percent_covered": 0.0, "percent_covered_display": "0", "missing_lines": 1, "excluded_lines": 0}, "missing_lines": [71], "excluded_lines": []}, "AzimutMQTTCoordinator.__init__": {"executed_lines": [84, 85, 86, 88, 95, 96, 97, 98, 101, 102, 103], "summary": {"covered_lines": 11, "num_statements": 11, "percent_covered": 100.0, "percent_covered_display": "100", "missing_lines": 0, "excluded_lines": 0}, "missing_lines": [], "excluded_lines": []}, "AzimutMQTTCoordinator.set_discovery_callback": {"executed_lines": [109], "summary": {"covered_lines": 1, "num_statements": 1, "percent_covered": 100.0, "percent_covered_display": "100", "missing_lines": 0, "excluded_lines": 0}, "missing_lines": [], "excluded_lines": []}, "AzimutMQTTCoordinator.set_state_callback": {"executed_lines": [115], "summary": {"covered_lines": 1, "num_statements": 1, "percent_covered": 100.0, "percent_covered_display": "100", "missing_lines": 0, "excluded_lines": 0}, "missing_lines": [], "excluded_lines": []}, "AzimutMQTTCoordinator.set_connection_callback": {"executed_lines": [], "summary": {"covered_lines": 0, "num_statements": 1, "percent_covered": 0.0, "percent_covered_display": "0", "missing_lines": 1, "excluded_lines": 0}, "missing_lines": [121], "excluded_lines": []}, "AzimutMQTTCoordinator._handle_discovery": {"executed_lines": [126, 127], "summary": {"covered_lines": 2, "num_statements": 2, "percent_covered": 100.0, "percent_covered_display": "100", "missing_lines": 0, "excluded_lines": 0}, "missing_lines": [], "excluded_lines": []}, "AzimutMQTTCoordinator._handle_state": {"executed_lines": [132, 133], "summary": {"covered_lines": 2, "num_statements": 2, "percent_covered": 100.0, "percent_covered_display": "100", "missing_lines": 0, "excluded_lines": 0}, "missing_lines": [], "excluded_lines": []}, "AzimutMQTTCoordinator._handle_connection_change": {"executed_lines": [], "summary": {"covered_lines": 0, "num_statements": 2, "percent_covered": 0.0, "percent_covered_display": "0", "missing_lines": 2, "excluded_lines": 0}, "missing_lines": [138, 139], "excluded_lines": []}, "AzimutMQTTCoordinator.async_connect": {"executed_lines": [143], "summary": {"covered_lines": 1, "num_statements": 1, "percent_covered": 100.0, "percent_covered_display": "100", "missing_lines": 0, "excluded_lines": 0}, "missing_lines": [], "excluded_lines": []}, "AzimutMQTTCoordinator.async_disconnect": {"executed_lines": [147, 148, 149, 150, 151, 152, 153, 155], "summary": {"covered_lines": 8, "num_statements": 8, "percent_covered": 100.0, "percent_covered_display": "100", "missing_lines": 0, "excluded_lines": 0}, "missing_lines": [], "excluded_lines": []}, "AzimutMQTTCoordinator.start_listening": {"executed_lines": [159, 160], "summary": {"covered_lines": 2, "num_statements": 2, "percent_covered": 100.0, "percent_covered_display": "100", "missing_lines": 0, "excluded_lines": 0}, "missing_lines": [], "excluded_lines": []}, "AzimutMQTTCoordinator.is_connected": {"executed_lines": [167], "summary": {"covered_lines": 1, "num_statements": 1, "percent_covered": 100.0, "percent_covered_display": "100", "missing_lines": 0, "excluded_lines": 0}, "missing_lines": [], "excluded_lines": []}, "": {"executed_lines": [1, 2, 4, 5, 6, 7, 9, 10, 11, 12, 14, 20, 22, 24, 27, 59, 69, 74, 75, 77, 105, 111, 117, 123, 124, 129, 130, 135, 136, 141, 145, 157, 164, 165], "summary": {"covered_lines": 32, "num_statements": 32, "percent_covered": 100.0, "percent_covered_display": "100", "missing_lines": 0, "excluded_lines": 0}, "missing_lines": [], "excluded_lines": []}}, "classes": {"AzimutMQTTCoordinator": {"executed_lines": [84, 85, 86, 88, 95, 96, 97, 98, 101, 102, 103, 109, 115, 126, 127, 132, 133, 143, 147, 148, 149, 150, 151, 152, 153, 155, 159, 160, 167], "summary": {"covered_lines": 29, "num_statements": 32, "percent_covered": 90.625, "percent_covered_display": "91", "missing_lines": 3, "excluded_lines": 0}, "missing_lines": [121, 138, 139], "excluded_lines": []}, "": {"executed_lines": [1, 2, 4, 5, 6, 7, 9, 10, 11, 12, 14, 20, 22, 24, 27, 29, 30, 32, 39, 40, 44, 45, 48, 51, 54, 56, 59, 61, 62, 63, 64, 66, 69, 74, 75, 77, 105, 111, 117, 123, 124, 129, 130, 135, 136, 141, 145, 157, 164, 165], "summary": {"covered_lines": 48, "num_statements": 49, "percent_covered": 97.95918367346938, "percent_covered_display": "98", "missing_lines": 1, "excluded_lines": 0}, "missing_lines": [71], "excluded_lines": []}}}, "custom_components/azimut_energy/config_flow.py": {"executed_lines": [1, 2, 4, 5, 6, 8, 10, 11, 12, 13, 14, 15, 17, 18, 20, 23, 31, 34, 35, 36, 40, 41, 43, 45, 47, 48, 50, 51, 52, 54, 56, 60, 63, 66, 68, 72, 80, 81, 86, 92, 94, 98, 100, 102, 103, 110, 113, 114, 126, 135, 139, 141, 142, 143, 146, 147, 150, 151, 158, 159, 161, 162, 174, 180, 184, 185, 187, 190, 192, 193, 200, 203, 204, 216, 228, 229, 231, 233, 235, 239, 241, 243, 244, 251, 252, 254, 256, 263, 269, 283, 284], "summary": {"covered_lines": 87, "num_statements": 106, "percent_covered": 82.0754716981132, "percent_covered_display": "82", "missing_lines": 19, "excluded_lines": 0}, "missing_lines": [37, 70, 73, 77, 111, 122, 123, 124, 170, 171, 172, 188, 201, 212, 213, 214, 265, 266, 267], "excluded_lines": [], "functions": {"_extract_serial_from_name": {"executed_lines": [34, 35, 36], "summary": {"covered_lines": 3, "num_statements": 4, "percent_covered": 75.0, "percent_covered_display": "75", "missing_lines": 1, "excluded_lines": 0}, "missing_lines": [37], "excluded_lines": []}, "AzimutConfigFlow.__init__": {"executed_lines": [47, 48], "summary": {"covered_lines": 2, "num_statements": 2, "percent_covered": 100.0, "percent_covered_display": "100", "missing_lines": 0, "excluded_lines": 0}, "missing_lines": [], "excluded_lines": []}, "AzimutConfigFlow.async_get_options_flow": {"executed_lines": [54], "summary": {"covered_lines": 1, "num_statements": 1, "percent_covered": 100.0, "percent_covered_display": "100", "missing_lines": 0, "excluded_lines": 0}, "missing_lines": [], "excluded_lines": []}, "AzimutConfigFlow.async_step_zeroconf": {"executed_lines": [60, 63, 66, 68, 72, 80, 81, 86, 92], "summary": {"covered_lines": 9, "num_statements": 12, "percent_covered": 75.0, "percent_covered_display": "75", "missing_lines": 3, "excluded_lines": 0}, "missing_lines": [70, 73, 77], "excluded_lines": []}, "AzimutConfigFlow.async_step_zeroconf_confirm": {"executed_lines": [98, 100, 102, 103, 110, 113, 114, 126], "summary": {"covered_lines": 8, "num_statements": 12, "percent_covered": 66.66666666666667, "percent_covered_display": "67", "missing_lines": 4, "excluded_lines": 0}, "missing_lines": [111, 122, 123, 124], "excluded_lines": []}, "AzimutConfigFlow.async_step_user": {"executed_lines": [139, 141, 142, 143, 146, 147, 150, 151, 158, 159, 161, 162, 174], "summary": {"covered_lines": 13, "num_statements": 16, "percent_covered": 81.25, "percent_covered_display": "81", "missing_lines": 3, "excluded_lines": 0}, "missing_lines": [170, 171, 172], "excluded_lines": []}, "AzimutConfigFlow.async_step_reconfigure": {"executed_lines": [184, 185, 187, 190, 192, 193, 200, 203, 204, 216], "summary": {"covered_lines": 10, "num_statements": 15, "percent_covered": 66.66666666666667, "percent_covered_display": "67", "missing_lines": 5, "excluded_lines": 0}, "missing_lines": [188, 201, 212, 213, 214], "excluded_lines": []}, "AzimutOptionsFlow.__init__": {"executed_lines": [233], "summary": {"covered_lines": 1, "num_statements": 1, "percent_covered": 100.0, "percent_covered_display": "100", "missing_lines": 0, "excluded_lines": 0}, "missing_lines": [], "excluded_lines": []}, "AzimutOptionsFlow.async_step_init": {"executed_lines": [239, 241, 243, 244, 251, 252, 254, 256, 263, 269], "summary": {"covered_lines": 10, "num_statements": 13, "percent_covered": 76.92307692307692, "percent_covered_display": "77", "missing_lines": 3, "excluded_lines": 0}, "missing_lines": [265, 266, 267], "excluded_lines": []}, "": {"executed_lines": [1, 2, 4, 5, 6, 8, 10, 11, 12, 13, 14, 15, 17, 18, 20, 23, 31, 40, 41, 43, 45, 50, 51, 52, 56, 94, 135, 180, 228, 229, 231, 235, 283, 284], "summary": {"covered_lines": 30, "num_statements": 30, "percent_covered": 100.0, "percent_covered_display": "100", "missing_lines": 0, "excluded_lines": 0}, "missing_lines": [], "excluded_lines": []}}, "classes": {"AzimutConfigFlow": {"executed_lines": [47, 48, 54, 60, 63, 66, 68, 72, 80, 81, 86, 92, 98, 100, 102, 103, 110, 113, 114, 126, 139, 141, 142, 143, 146, 147, 150, 151, 158, 159, 161, 162, 174, 184, 185, 187, 190, 192, 193, 200, 203, 204, 216], "summary": {"covered_lines": 43, "num_statements": 58, "percent_covered": 74.13793103448276, "percent_covered_display": "74", "missing_lines": 15, "excluded_lines": 0}, "missing_lines": [70, 73, 77, 111, 122, 123, 124, 170, 171, 172, 188, 201, 212, 213, 214], "excluded_lines": []}, "AzimutOptionsFlow": {"executed_lines": [233, 239, 241, 243, 244, 251, 252, 254, 256, 263, 269], "summary": {"covered_lines": 11, "num_statements": 14, "percent_covered": 78.57142857142857, "percent_covered_display": "79", "missing_lines": 3, "excluded_lines": 0}, "missing_lines": [265, 266, 267], "excluded_lines": []}, "CannotConnect": {"executed_lines": [], "summary": {"covered_lines": 0, "num_statements": 0, "percent_covered": 100.0, "percent_covered_display": "100", "missing_lines": 0, "excluded_lines": 0}, "missing_lines": [], "excluded_lines": []}, "": {"executed_lines": [1, 2, 4, 5, 6, 8, 10, 11, 12, 13, 14, 15, 17, 18, 20, 23, 31, 34, 35, 36, 40, 41, 43, 45, 50, 51, 52, 56, 94, 135, 180, 228, 229, 231, 235, 283, 284], "summary": {"covered_lines": 33, "num_statements": 34, "percent_covered": 97.05882352941177, "percent_covered_display": "97", "missing_lines": 1, "excluded_lines": 0}, "missing_lines": [37], "excluded_lines": []}}}, "custom_components/azimut_energy/const.py": {"executed_lines": [1, 3, 6, 7, 8, 12, 15, 20, 21, 24, 26, 29, 31, 35, 36, 37, 38, 39, 40, 41], "summary": {"covered_lines": 19, "num_statements": 19, "percent_covered": 100.0, "percent_covered_display": "100", "missing_lines": 0, "excluded_lines": 0}, "missing_lines": [], "excluded_lines": [], "functions": {"get_discovery_topic": {"executed_lines": [26], "summary": {"covered_lines": 1, "num_statements": 1, "percent_covered": 100.0, "percent_covered_display": "100", "missing_lines": 0, "excluded_lines": 0}, "missing_lines": [], "excluded_lines": []}, "get_state_topic": {"executed_lines": [31], "summary": {"covered_lines": 1, "num_statements": 1, "percent_covered": 100.0, "percent_covered_display": "100", "missing_lines": 0, "excluded_lines": 0}, "missing_lines": [], "excluded_lines": []}, "": {"executed_lines": [1, 3, 6, 7, 8, 12, 15, 20, 21, 24, 29, 35, 36, 37, 38, 39, 40, 41], "summary": {"covered_lines": 17, "num_statements": 17, "percent_covered": 100.0, "percent_covered_display": "100", "missing_lines": 0, "excluded_lines": 0}, "missing_lines": [], "excluded_lines": []}}, "classes": {"": {"executed_lines": [1, 3, 6, 7, 8, 12, 15, 20, 21, 24, 26, 29, 31, 35, 36, 37, 38, 39, 40, 41], "summary": {"covered_lines": 19, "num_statements": 19, "percent_covered": 100.0, "percent_covered_display": "100", "missing_lines": 0, "excluded_lines": 0}, "missing_lines": [], "excluded_lines": []}}}, "custom_components/azimut_energy/diagnostics.py": {"executed_lines": [], "summary": {"covered_lines": 0, "num_statements": 16, "percent_covered": 0.0, "percent_covered_display": "0", "missing_lines": 16, "excluded_lines": 0}, "missing_lines": [2, 4, 6, 7, 8, 10, 13, 17, 20, 21, 23, 24, 30, 31, 32, 42], "excluded_lines": [], "functions": {"async_get_config_entry_diagnostics": {"executed_lines": [], "summary": {"covered_lines": 0, "num_statements": 9, "percent_covered": 0.0, "percent_covered_display": "0", "missing_lines": 9, "excluded_lines": 0}, "missing_lines": [17, 20, 21, 23, 24, 30, 31, 32, 42], "excluded_lines": []}, "": {"executed_lines": [], "summary": {"covered_lines": 0, "num_statements": 7, "percent_covered": 0.0, "percent_covered_display": "0", "missing_lines": 7, "excluded_lines": 0}, "missing_lines": [2, 4, 6, 7, 8, 10, 13], "excluded_lines": []}}, "classes": {"": {"executed_lines": [], "summary": {"covered_lines": 0, "num_statements": 16, "percent_covered": 0.0, "percent_covered_display": "0", "missing_lines": 16, "excluded_lines": 0}, "missing_lines": [2, 4, 6, 7, 8, 10, 13, 17, 20, 21, 23, 24, 30, 31, 32, 42], "excluded_lines": []}}}, "custom_components/azimut_energy/mqtt_client.py": {"executed_lines": [1, 2, 4, 5, 6, 7, 8, 9, 10, 12, 14, 20, 23, 24, 25, 28, 29, 31, 39, 40, 41, 42, 44, 45, 46, 47, 48, 51, 52, 53, 56, 57, 61, 65, 69, 73, 75, 82, 84, 91, 93, 95, 96, 97, 98, 99, 100, 102, 104, 105, 106, 107, 108, 110, 112, 113, 114, 115, 117, 119, 120, 128, 131, 132, 134, 142, 143, 145, 146, 147, 149, 151, 152, 154, 162, 230, 236, 274, 276, 277, 280, 281, 283, 285, 286, 291, 293, 295, 296, 297, 298, 299, 300, 303, 305, 307, 309, 310, 312, 313, 315, 316, 318, 321], "summary": {"covered_lines": 102, "num_statements": 167, "percent_covered": 61.07784431137725, "percent_covered_display": "61", "missing_lines": 65, "excluded_lines": 0}, "missing_lines": [155, 156, 157, 158, 160, 164, 165, 167, 168, 170, 178, 180, 181, 183, 189, 190, 192, 193, 196, 198, 199, 200, 206, 207, 208, 209, 211, 212, 213, 220, 223, 224, 226, 232, 233, 234, 238, 240, 241, 243, 244, 245, 247, 249, 250, 251, 252, 253, 254, 256, 258, 259, 260, 261, 264, 265, 266, 267, 269, 271, 272, 288, 289, 302, 323], "excluded_lines": [], "functions": {"AzimutMQTTClient.__init__": {"executed_lines": [39, 40, 41, 42, 44, 45, 46, 47, 48, 51, 52, 53, 56, 57, 61, 65], "summary": {"covered_lines": 16, "num_statements": 16, "percent_covered": 100.0, "percent_covered_display": "100", "missing_lines": 0, "excluded_lines": 0}, "missing_lines": [], "excluded_lines": []}, "AzimutMQTTClient.set_discovery_callback": {"executed_lines": [73], "summary": {"covered_lines": 1, "num_statements": 1, "percent_covered": 100.0, "percent_covered_display": "100", "missing_lines": 0, "excluded_lines": 0}, "missing_lines": [], "excluded_lines": []}, "AzimutMQTTClient.set_state_callback": {"executed_lines": [82], "summary": {"covered_lines": 1, "num_statements": 1, "percent_covered": 100.0, "percent_covered_display": "100", "missing_lines": 0, "excluded_lines": 0}, "missing_lines": [], "excluded_lines": []}, "AzimutMQTTClient.set_connection_callback": {"executed_lines": [91], "summary": {"covered_lines": 1, "num_statements": 1, "percent_covered": 100.0, "percent_covered_display": "100", "missing_lines": 0, "excluded_lines": 0}, "missing_lines": [], "excluded_lines": []}, "AzimutMQTTClient._create_tls_context": {"executed_lines": [95, 96, 97, 98, 99, 100], "summary": {"covered_lines": 6, "num_statements": 6, "percent_covered": 100.0, "percent_covered_display": "100", "missing_lines": 0, "excluded_lines": 0}, "missing_lines": [], "excluded_lines": []}, "AzimutMQTTClient._notify_connected": {"executed_lines": [104, 105, 106, 107, 108], "summary": {"covered_lines": 5, "num_statements": 5, "percent_covered": 100.0, "percent_covered_display": "100", "missing_lines": 0, "excluded_lines": 0}, "missing_lines": [], "excluded_lines": []}, "AzimutMQTTClient._notify_disconnected": {"executed_lines": [112, 113, 114, 115], "summary": {"covered_lines": 4, "num_statements": 4, "percent_covered": 100.0, "percent_covered_display": "100", "missing_lines": 0, "excluded_lines": 0}, "missing_lines": [], "excluded_lines": []}, "AzimutMQTTClient.connect": {"executed_lines": [119, 120, 128, 131, 132, 134, 142, 143, 145, 146, 147], "summary": {"covered_lines": 11, "num_statements": 11, "percent_covered": 100.0, "percent_covered_display": "100", "missing_lines": 0, "excluded_lines": 0}, "missing_lines": [], "excluded_lines": []}, "AzimutMQTTClient.disconnect": {"executed_lines": [151, 152, 154], "summary": {"covered_lines": 3, "num_statements": 8, "percent_covered": 37.5, "percent_covered_display": "38", "missing_lines": 5, "excluded_lines": 0}, "missing_lines": [155, 156, 157, 158, 160], "excluded_lines": []}, "AzimutMQTTClient.listen_with_reconnect": {"executed_lines": [], "summary": {"covered_lines": 0, "num_statements": 28, "percent_covered": 0.0, "percent_covered_display": "0", "missing_lines": 28, "excluded_lines": 0}, "missing_lines": [164, 165, 167, 168, 170, 178, 180, 181, 183, 189, 190, 192, 193, 196, 198, 199, 200, 206, 207, 208, 209, 211, 212, 213, 220, 223, 224, 226], "excluded_lines": []}, "AzimutMQTTClient._sleep_with_check": {"executed_lines": [], "summary": {"covered_lines": 0, "num_statements": 3, "percent_covered": 0.0, "percent_covered_display": "0", "missing_lines": 3, "excluded_lines": 0}, "missing_lines": [232, 233, 234], "excluded_lines": []}, "AzimutMQTTClient._listen_loop_with_timeout": {"executed_lines": [], "summary": {"covered_lines": 0, "num_statements": 25, "percent_covered": 0.0, "percent_covered_display": "0", "missing_lines": 25, "excluded_lines": 0}, "missing_lines": [238, 240, 241, 243, 244, 245, 247, 249, 250, 251, 252, 253, 254, 256, 258, 259, 260, 261, 264, 265, 266, 267, 269, 271, 272], "excluded_lines": []}, "AzimutMQTTClient._handle_discovery_message": {"executed_lines": [276, 277, 280, 281, 283, 285, 286], "summary": {"covered_lines": 7, "num_statements": 9, "percent_covered": 77.77777777777777, "percent_covered_display": "78", "missing_lines": 2, "excluded_lines": 0}, "missing_lines": [288, 289], "excluded_lines": []}, "AzimutMQTTClient._handle_state_message": {"executed_lines": [293, 295, 296, 297, 298, 299, 300, 303, 305, 307, 309, 310, 312, 313], "summary": {"covered_lines": 14, "num_statements": 15, "percent_covered": 93.33333333333333, "percent_covered_display": "93", "missing_lines": 1, "excluded_lines": 0}, "missing_lines": [302], "excluded_lines": []}, "AzimutMQTTClient.is_connected": {"executed_lines": [318], "summary": {"covered_lines": 1, "num_statements": 1, "percent_covered": 100.0, "percent_covered_display": "100", "missing_lines": 0, "excluded_lines": 0}, "missing_lines": [], "excluded_lines": []}, "AzimutMQTTClient.listen": {"executed_lines": [], "summary": {"covered_lines": 0, "num_statements": 1, "percent_covered": 0.0, "percent_covered_display": "0", "missing_lines": 1, "excluded_lines": 0}, "missing_lines": [323], "excluded_lines": []}, "": {"executed_lines": [1, 2, 4, 5, 6, 7, 8, 9, 10, 12, 14, 20, 23, 24, 25, 28, 29, 31, 69, 75, 84, 93, 102, 110, 117, 149, 162, 230, 236, 274, 291, 315, 316, 321], "summary": {"covered_lines": 32, "num_statements": 32, "percent_covered": 100.0, "percent_covered_display": "100", "missing_lines": 0, "excluded_lines": 0}, "missing_lines": [], "excluded_lines": []}}, "classes": {"AzimutMQTTClient": {"executed_lines": [39, 40, 41, 42, 44, 45, 46, 47, 48, 51, 52, 53, 56, 57, 61, 65, 73, 82, 91, 95, 96, 97, 98, 99, 100, 104, 105, 106, 107, 108, 112, 113, 114, 115, 119, 120, 128, 131, 132, 134, 142, 143, 145, 146, 147, 151, 152, 154, 276, 277, 280, 281, 283, 285, 286, 293, 295, 296, 297, 298, 299, 300, 303, 305, 307, 309, 310, 312, 313, 318], "summary": {"covered_lines": 70, "num_statements": 135, "percent_covered": 51.851851851851855, "percent_covered_display": "52", "missing_lines": 65, "excluded_lines": 0}, "missing_lines": [155, 156, 157, 158, 160, 164, 165, 167, 168, 170, 178, 180, 181, 183, 189, 190, 192, 193, 196, 198, 199, 200, 206, 207, 208, 209, 211, 212, 213, 220, 223, 224, 226, 232, 233, 234, 238, 240, 241, 243, 244, 245, 247, 249, 250, 251, 252, 253, 254, 256, 258, 259, 260, 261, 264, 265, 266, 267, 269, 271, 272, 288, 289, 302, 323], "excluded_lines": []}, "": {"executed_lines": [1, 2, 4, 5, 6, 7, 8, 9, 10, 12, 14, 20, 23, 24, 25, 28, 29, 31, 69, 75, 84, 93, 102, 110, 117, 149, 162, 230, 236, 274, 291, 315, 316, 321], "summary": {"covered_lines": 32, "num_statements": 32, "percent_covered": 100.0, "percent_covered_display": "100", "missing_lines": 0, "excluded_lines": 0}, "missing_lines": [], "excluded_lines": []}}}, "custom_components/azimut_energy/sensor.py": {"executed_lines": [1, 2, 4, 5, 6, 8, 13, 14, 15, 16, 17, 18, 20, 22, 25, 28, 38, 45, 51, 52, 55, 57, 58, 60, 61, 62, 63, 66, 67, 68, 71, 76, 79, 80, 82, 83, 85, 86, 87, 88, 92, 93, 102, 103, 104, 107, 108, 110, 112, 119, 120, 123, 124, 125, 126, 127, 130, 131, 132, 135, 136, 137, 140, 141, 142, 143, 146, 147, 148, 150, 151, 160, 161, 163, 164, 166, 168, 169, 171, 172, 173, 174, 175, 177, 178, 180, 181, 182, 183, 185, 197, 205, 206, 208, 212, 215, 216, 217, 218, 219], "summary": {"covered_lines": 97, "num_statements": 110, "percent_covered": 88.18181818181819, "percent_covered_display": "88", "missing_lines": 13, "excluded_lines": 2}, "missing_lines": [90, 95, 97, 98, 187, 190, 191, 199, 201, 202, 203, 209, 213], "excluded_lines": [22, 23], "functions": {"async_setup_entry": {"executed_lines": [51, 52, 55, 57, 58, 82, 83, 92, 93, 102, 103, 104], "summary": {"covered_lines": 12, "num_statements": 12, "percent_covered": 100.0, "percent_covered_display": "100", "missing_lines": 0, "excluded_lines": 0}, "missing_lines": [], "excluded_lines": []}, "async_setup_entry.handle_discovery": {"executed_lines": [60, 61, 62, 63, 66, 67, 68, 71, 76, 79, 80], "summary": {"covered_lines": 11, "num_statements": 11, "percent_covered": 100.0, "percent_covered_display": "100", "missing_lines": 0, "excluded_lines": 0}, "missing_lines": [], "excluded_lines": []}, "async_setup_entry.handle_state_update": {"executed_lines": [85, 86, 87, 88], "summary": {"covered_lines": 4, "num_statements": 5, "percent_covered": 80.0, "percent_covered_display": "80", "missing_lines": 1, "excluded_lines": 0}, "missing_lines": [90], "excluded_lines": []}, "async_setup_entry.handle_connection_change": {"executed_lines": [], "summary": {"covered_lines": 0, "num_statements": 3, "percent_covered": 0.0, "percent_covered_display": "0", "missing_lines": 3, "excluded_lines": 0}, "missing_lines": [95, 97, 98], "excluded_lines": []}, "AzimutSensor.__init__": {"executed_lines": [119, 120, 123, 124, 125, 126, 127, 130, 131, 132, 135, 136, 137, 140, 141, 142, 143, 146, 147, 148, 150, 151, 160, 161], "summary": {"covered_lines": 24, "num_statements": 24, "percent_covered": 100.0, "percent_covered_display": "100", "missing_lines": 0, "excluded_lines": 0}, "missing_lines": [], "excluded_lines": []}, "AzimutSensor.state_topic": {"executed_lines": [166], "summary": {"covered_lines": 1, "num_statements": 1, "percent_covered": 100.0, "percent_covered_display": "100", "missing_lines": 0, "excluded_lines": 0}, "missing_lines": [], "excluded_lines": []}, "AzimutSensor.update_value": {"executed_lines": [171, 172, 173, 174, 175], "summary": {"covered_lines": 5, "num_statements": 5, "percent_covered": 100.0, "percent_covered_display": "100", "missing_lines": 0, "excluded_lines": 0}, "missing_lines": [], "excluded_lines": []}, "AzimutSensor.set_connection_available": {"executed_lines": [180, 181, 182, 183], "summary": {"covered_lines": 4, "num_statements": 4, "percent_covered": 100.0, "percent_covered_display": "100", "missing_lines": 0, "excluded_lines": 0}, "missing_lines": [], "excluded_lines": []}, "AzimutSensor.async_added_to_hass": {"executed_lines": [], "summary": {"covered_lines": 0, "num_statements": 3, "percent_covered": 0.0, "percent_covered_display": "0", "missing_lines": 3, "excluded_lines": 0}, "missing_lines": [187, 190, 191], "excluded_lines": []}, "AzimutSensor.async_will_remove_from_hass": {"executed_lines": [], "summary": {"covered_lines": 0, "num_statements": 4, "percent_covered": 0.0, "percent_covered_display": "0", "missing_lines": 4, "excluded_lines": 0}, "missing_lines": [199, 201, 202, 203], "excluded_lines": []}, "AzimutSensor._check_expiration": {"executed_lines": [208, 212, 215, 216, 217, 218, 219], "summary": {"covered_lines": 7, "num_statements": 9, "percent_covered": 77.77777777777777, "percent_covered_display": "78", "missing_lines": 2, "excluded_lines": 0}, "missing_lines": [209, 213], "excluded_lines": []}, "": {"executed_lines": [1, 2, 4, 5, 6, 8, 13, 14, 15, 16, 17, 18, 20, 22, 25, 28, 38, 45, 107, 108, 110, 112, 163, 164, 168, 169, 177, 178, 185, 197, 205, 206], "summary": {"covered_lines": 29, "num_statements": 29, "percent_covered": 100.0, "percent_covered_display": "100", "missing_lines": 0, "excluded_lines": 2}, "missing_lines": [], "excluded_lines": [22, 23]}}, "classes": {"AzimutSensor": {"executed_lines": [119, 120, 123, 124, 125, 126, 127, 130, 131, 132, 135, 136, 137, 140, 141, 142, 143, 146, 147, 148, 150, 151, 160, 161, 166, 171, 172, 173, 174, 175, 180, 181, 182, 183, 208, 212, 215, 216, 217, 218, 219], "summary": {"covered_lines": 41, "num_statements": 50, "percent_covered": 82.0, "percent_covered_display": "82", "missing_lines": 9, "excluded_lines": 0}, "missing_lines": [187, 190, 191, 199, 201, 202, 203, 209, 213], "excluded_lines": []}, "": {"executed_lines": [1, 2, 4, 5, 6, 8, 13, 14, 15, 16, 17, 18, 20, 22, 25, 28, 38, 45, 51, 52, 55, 57, 58, 60, 61, 62, 63, 66, 67, 68, 71, 76, 79, 80, 82, 83, 85, 86, 87, 88, 92, 93, 102, 103, 104, 107, 108, 110, 112, 163, 164, 168, 169, 177, 178, 185, 197, 205, 206], "summary": {"covered_lines": 56, "num_statements": 60, "percent_covered": 93.33333333333333, "percent_covered_display": "93", "missing_lines": 4, "excluded_lines": 2}, "missing_lines": [90, 95, 97, 98], "excluded_lines": [22, 23]}}}}, "totals": {"covered_lines": 382, "num_statements": 499, "percent_covered": 76.55310621242485, "percent_covered_display": "77", "missing_lines": 117, "excluded_lines": 2}}